<?xml version="1.0" encoding="UTF-8"?>
<testsuite xmlns:xsi="http://www.w3.org/2001/XMLSchema-instance" xsi:noNamespaceSchemaLocation="https://maven.apache.org/surefire/maven-surefire-plugin/xsd/surefire-test-report-3.0.xsd" version="3.0" name="com.websiteaware.demo.DemoApplicationTests" time="58.054" tests="1" errors="0" skipped="0" failures="0">
  <properties>
[...]
</properties>
  <testcase name="contextLoads" classname="com.websiteaware.demo.DemoApplicationTests" time="9.86">
    <system-out><![CDATA[00:13:41.145 [main] INFO org.springframework.test.context.support.AnnotationConfigContextLoaderUtils -- Could not detect default configuration classes for test class [com.websiteaware.demo.DemoApplicationTests]: DemoApplicationTests does not declare any static, non-private, non-final, nested classes annotated with @Configuration.
00:13:48.045 [main] INFO org.springframework.boot.test.context.SpringBootTestContextBootstrapper -- Found @SpringBootConfiguration com.websiteaware.demo.DemoApplication for test class com.websiteaware.demo.DemoApplicationTests

  .   ____          _            __ _ _
 /\\ / ___'_ __ _ _(_)_ __  __ _ \ \ \ \
( ( )\___ | '_ | '_| | '_ \/ _` | \ \ \ \
 \\/  ___)| |_)| | | | | || (_| |  ) ) ) )
  '  |____| .__|_| |_|_| |_\__, | / / / /
 =========|_|==============|___/=/_/_/_/
 :: Spring Boot ::                (v3.2.5)

2026-03-23T00:14:02.203+05:30  INFO 14216 --- [demo] [           main] c.w.demo.DemoApplicationTests            : Starting DemoApplicationTests using Java 17.0.12 with PID 14216 (started by Naveen in C:\Users\Lenovo\Desktop\Website Aware\demo)
2026-03-23T00:14:02.218+05:30  INFO 14216 --- [demo] [           main] c.w.demo.DemoApplicationTests            : No active profile set, falling back to 1 default profile: "default"
2026-03-23T00:14:24.729+05:30  INFO 14216 --- [demo] [           main] c.w.demo.DemoApplicationTests            : Started DemoApplicationTests in 30.533 seconds (process running for 60.214)
]]></system-out>
  </testcase>
</testsuite>